Log file open, 11/25/19 20:07:18
LogWindows: Failed to load 'aqProf.dll' (GetLastError=126)
LogWindows: File 'aqProf.dll' does not exist
LogWindows: Failed to load 'VtuneApi.dll' (GetLastError=126)
LogWindows: File 'VtuneApi.dll' does not exist
LogWindows: Failed to load 'VtuneApi32e.dll' (GetLastError=126)
LogWindows: File 'VtuneApi32e.dll' does not exist
LogConsoleResponse: Display: Failed to find resolution value strings in scalability ini. Falling back to default.
LogInit: Display: Running engine for game: MirusShot
LogPakFile: Registered encryption key '00000000000000000000000000000000': 0 pak files mounted, 0 remain pending
LogPlatformFile: Not using cached read wrapper
LogTaskGraph: Started task graph with 5 named threads and 23 total threads with 3 sets of task threads.
LogStats: Stats thread started at 0.258241
LogD3D11RHI: Loaded GFSDK_Aftermath_Lib.x64.dll
LogICUInternationalization: ICU TimeZone Detection - Raw Offset: -8:00, Platform Override: ''
LogPluginManager: Mounting plugin Paper2D
LogPluginManager: Mounting plugin AISupport
LogPluginManager: Mounting plugin LightPropagationVolume
LogPluginManager: Mounting plugin ActorLayerUtilities
LogPluginManager: Mounting plugin AnimationSharing
LogPluginManager: Mounting plugin CLionSourceCodeAccess
LogPluginManager: Mounting plugin CodeLiteSourceCodeAccess
LogPluginManager: Mounting plugin GitSourceControl
LogPluginManager: Mounting plugin KDevelopSourceCodeAccess
LogPluginManager: Mounting plugin NullSourceCodeAccess
LogPluginManager: Mounting plugin PerforceSourceControl
LogPluginManager: Mounting plugin SubversionSourceControl
LogPluginManager: Mounting plugin UObjectPlugin
LogPluginManager: Mounting plugin VisualStudioCodeSourceCodeAccess
LogPluginManager: Mounting plugin VisualStudioSourceCodeAccess
LogPluginManager: Mounting plugin XCodeSourceCodeAccess
LogPluginManager: Mounting plugin AssetManagerEditor
LogPluginManager: Mounting plugin CryptoKeys
LogPluginManager: Mounting plugin DataValidation
LogPluginManager: Mounting plugin FacialAnimation
LogPluginManager: Mounting plugin GameplayTagsEditor
LogPluginManager: Mounting plugin MacGraphicsSwitching
LogPluginManager: Mounting plugin MaterialAnalyzer
LogPluginManager: Mounting plugin MobileLauncherProfileWizard
LogPluginManager: Mounting plugin PluginBrowser
LogPluginManager: Mounting plugin SpeedTreeImporter
LogPluginManager: Mounting plugin DatasmithContent
LogPluginManager: Mounting plugin VariantManagerContent
LogPluginManager: Mounting plugin AlembicImporter
LogPluginManager: Mounting plugin AppleImageUtils
LogPluginManager: Mounting plugin AppleVision
LogPluginManager: Mounting plugin BackChannel
LogPluginManager: Mounting plugin CharacterAI
LogPluginManager: Mounting plugin GeometryCache
LogPluginManager: Mounting plugin HTML5Networking
LogPluginManager: Mounting plugin ProxyLODPlugin
LogPluginManager: Mounting plugin SkeletalReduction
LogPluginManager: Mounting plugin MagicLeap
LogPluginManager: Mounting plugin MagicLeapMedia
LogPluginManager: Mounting plugin AndroidMedia
LogPluginManager: Mounting plugin AvfMedia
LogPluginManager: Mounting plugin ImgMedia
LogPluginManager: Mounting plugin LinearTimecode
LogPluginManager: Mounting plugin MediaCompositing
LogPluginManager: Mounting plugin MediaPlayerEditor
LogPluginManager: Mounting plugin WebMMedia
LogPluginManager: Mounting plugin WmfMedia
LogPluginManager: Mounting plugin TcpMessaging
LogPluginManager: Mounting plugin UdpMessaging
LogPluginManager: Mounting plugin ActorSequence
LogPluginManager: Mounting plugin LevelSequenceEditor
LogPluginManager: Mounting plugin MatineeToLevelSequence
LogPluginManager: Mounting plugin NetcodeUnitTest
LogPluginManager: Mounting plugin NUTUnrealEngine4
LogPluginManager: Mounting plugin OnlineSubsystemGooglePlay
LogPluginManager: Mounting plugin OnlineSubsystemIOS
LogPluginManager: Mounting plugin OnlineSubsystem
LogPluginManager: Mounting plugin OnlineSubsystemNull
LogPluginManager: Mounting plugin OnlineSubsystemUtils
LogPluginManager: Mounting plugin LauncherChunkInstaller
LogPluginManager: Mounting plugin AndroidDeviceProfileSelector
LogPluginManager: Mounting plugin AndroidMoviePlayer
LogPluginManager: Mounting plugin AndroidPermission
LogPluginManager: Mounting plugin AppleMoviePlayer
LogPluginManager: Mounting plugin ArchVisCharacter
LogPluginManager: Mounting plugin AudioCapture
LogPluginManager: Mounting plugin CableComponent
LogPluginManager: Mounting plugin CustomMeshComponent
LogPluginManager: Mounting plugin EditableMesh
LogPluginManager: Mounting plugin ExampleDeviceProfileSelector
LogPluginManager: Mounting plugin Firebase
LogPluginManager: Mounting plugin GoogleCloudMessaging
LogPluginManager: Mounting plugin IOSDeviceProfileSelector
LogPluginManager: Mounting plugin LinuxDeviceProfileSelector
LogPluginManager: Mounting plugin LocationServicesBPLibrary
LogPluginManager: Mounting plugin MobilePatchingUtils
LogPluginManager: Mounting plugin OculusVR
LogPluginManager: Mounting plugin PhysXVehicles
LogPluginManager: Mounting plugin ProceduralMeshComponent
LogPluginManager: Mounting plugin RuntimePhysXCooking
LogPluginManager: Mounting plugin SignificanceManager
LogPluginManager: Mounting plugin SteamVR
LogPluginManager: Mounting plugin WebMMoviePlayer
LogPluginManager: Mounting plugin WindowsMoviePlayer
LogInit: Using libcurl 7.55.1-DEV
LogInit:  - built for x86_64-pc-win32
LogInit:  - supports SSL with OpenSSL/1.1.1
LogInit:  - supports HTTP deflate (compression) using libz 1.2.8
LogInit:  - other features:
LogInit:      CURL_VERSION_SSL
LogInit:      CURL_VERSION_LIBZ
LogInit:      CURL_VERSION_IPV6
LogInit:      CURL_VERSION_ASYNCHDNS
LogInit:      CURL_VERSION_LARGEFILE
LogInit:      CURL_VERSION_IDN
LogInit:  CurlRequestOptions (configurable via config and command line):
LogInit:  - bVerifyPeer = true  - Libcurl will verify peer certificate
LogInit:  - bUseHttpProxy = false  - Libcurl will NOT use HTTP proxy
LogInit:  - bDontReuseConnections = false  - Libcurl will reuse connections
LogInit:  - MaxHostConnections = 16  - Libcurl will limit the number of connections to a host
LogInit:  - LocalHostAddr = Default
LogInit:  - BufferSize = 65536
LogInit: WinSock: version 1.1 (2.2), MaxSocks=32767, MaxUdp=65467
LogInit: Build: ++UE4+Release-4.22-CL-7053642
LogInit: Engine Version: 4.22.3-7053642+++UE4+Release-4.22
LogInit: Compatible Engine Version: 4.22.0-5660361+++UE4+Release-4.22
LogInit: Net CL: 5660361
LogInit: OS: Windows 10 (Release 1709) (), CPU: Intel(R) Core(TM) i7-7700 CPU @ 3.60GHz, GPU: Intel(R) HD Graphics 630
LogInit: Compiled (64-bit): Jun 18 2019 03:09:11
LogInit: Compiled with Visual C++: 19.16.27025.01
LogInit: Build Configuration: Development
LogInit: Branch Name: ++UE4+Release-4.22
LogInit: Command Line: 
LogInit: Base Directory: C:/Program Files/Epic Games/UE_4.22/Engine/Binaries/Win64/
LogInit: Installed Engine Build: 1
LogDevObjectVersion: Number of dev versions registered: 23
LogDevObjectVersion:   Dev-Blueprints (B0D832E4-1F89-4F0D-ACCF-7EB736FD4AA2): 10
LogDevObjectVersion:   Dev-Build (E1C64328-A22C-4D53-A36C-8E866417BD8C): 0
LogDevObjectVersion:   Dev-Core (375EC13C-06E4-48FB-B500-84F0262A717E): 3
LogDevObjectVersion:   Dev-Editor (E4B068ED-F494-42E9-A231-DA0B2E46BB41): 30
LogDevObjectVersion:   Dev-Framework (CFFC743F-43B0-4480-9391-14DF171D2073): 35
LogDevObjectVersion:   Dev-Mobile (B02B49B5-BB20-44E9-A304-32B752E40360): 2
LogDevObjectVersion:   Dev-Networking (A4E4105C-59A1-49B5-A7C5-40C4547EDFEE): 0
LogDevObjectVersion:   Dev-Online (39C831C9-5AE6-47DC-9A44-9C173E1C8E7C): 0
LogDevObjectVersion:   Dev-Physics (78F01B33-EBEA-4F98-B9B4-84EACCB95AA2): 0
LogDevObjectVersion:   Dev-Platform (6631380F-2D4D-43E0-8009-CF276956A95A): 0
LogDevObjectVersion:   Dev-Rendering (12F88B9F-8875-4AFC-A67C-D90C383ABD29): 28
LogDevObjectVersion:   Dev-Sequencer (7B5AE74C-D270-4C10-A958-57980B212A5A): 11
LogDevObjectVersion:   Dev-VR (D7296918-1DD6-4BDD-9DE2-64A83CC13884): 2
LogDevObjectVersion:   Dev-LoadTimes (C2A15278-BFE7-4AFE-6C17-90FF531DF755): 1
LogDevObjectVersion:   Private-Geometry (6EACA3D4-40EC-4CC1-B786-8BED09428FC5): 3
LogDevObjectVersion:   Dev-AnimPhys (29E575DD-E0A3-4627-9D10-D276232CDCEA): 17
LogDevObjectVersion:   Dev-Anim (AF43A65D-7FD3-4947-9873-3E8ED9C1BB05): 2
LogDevObjectVersion:   Dev-ReflectionCapture (6B266CEC-1EC7-4B8F-A30B-E4D90942FC07): 1
LogDevObjectVersion:   Dev-Automation (0DF73D61-A23F-47EA-B727-89E90C41499A): 1
LogDevObjectVersion:   FortniteMain (601D1886-AC64-4F84-AA16-D3DE0DEAC7D6): 25
LogDevObjectVersion:   Dev-Enterprise (9DFFBCD6-494F-0158-E221-12823C92A888): 6
LogDevObjectVersion:   Dev-Niagara (F2AED0AC-9AFE-416F-8664-AA7FFA26D6FC): 1
LogDevObjectVersion:   Dev-Destruction (174F1F0B-B4C6-45A5-B13F-2EE8D0FB917D): 2
LogInit: Presizing for max 16777216 objects, including 0 objects not considered by GC, pre-allocating 0 bytes for permanent pool.
LogInit: Object subsystem initialized
LogConfig: Setting CVar [[con.DebugEarlyDefault:1]]
LogConfig: Setting CVar [[r.setres:1280x720]]
[2019.11.26-04.07.18:976][  0]LogConfig: Setting CVar [[r.VSync:0]]
[2019.11.26-04.07.18:976][  0]LogConfig: Setting CVar [[r.RHICmdBypass:0]]
[2019.11.26-04.07.18:976][  0]LogConfig: Applying CVar settings from Section [/Script/Engine.RendererSettings] File [C:/Users/bdedeurwaerder/Documents/GitHub/CS328-Mirus-Shot/Saved/Config/Windows/Engine.ini]
[2019.11.26-04.07.18:976][  0]LogConfig: Setting CVar [[r.GPUCrashDebugging:0]]
[2019.11.26-04.07.18:976][  0]LogConfig: Applying CVar settings from Section [/Script/Engine.RendererOverrideSettings] File [C:/Users/bdedeurwaerder/Documents/GitHub/CS328-Mirus-Shot/Saved/Config/Windows/Engine.ini]
[2019.11.26-04.07.18:976][  0]LogConfig: Applying CVar settings from Section [/Script/Engine.StreamingSettings] File [C:/Users/bdedeurwaerder/Documents/GitHub/CS328-Mirus-Shot/Saved/Config/Windows/Engine.ini]
[2019.11.26-04.07.18:976][  0]LogConfig: Setting CVar [[s.MinBulkDataSizeForAsyncLoading:131072]]
[2019.11.26-04.07.18:976][  0]LogConfig: Setting CVar [[s.AsyncLoadingThreadEnabled:0]]
[2019.11.26-04.07.18:976][  0]LogConfig: Setting CVar [[s.EventDrivenLoaderEnabled:1]]
[2019.11.26-04.07.18:976][  0]LogConfig: Setting CVar [[s.WarnIfTimeLimitExceeded:0]]
[2019.11.26-04.07.18:976][  0]LogConfig: Setting CVar [[s.TimeLimitExceededMultiplier:1.5]]
[2019.11.26-04.07.18:976][  0]LogConfig: Setting CVar [[s.TimeLimitExceededMinTime:0.005]]
[2019.11.26-04.07.18:976][  0]LogConfig: Setting CVar [[s.UseBackgroundLevelStreaming:1]]
[2019.11.26-04.07.18:976][  0]LogConfig: Setting CVar [[s.PriorityAsyncLoadingExtraTime:15.0]]
[2019.11.26-04.07.18:976][  0]LogConfig: Setting CVar [[s.LevelStreamingActorsUpdateTimeLimit:5.0]]
[2019.11.26-04.07.18:976][  0]LogConfig: Setting CVar [[s.PriorityLevelStreamingActorsUpdateExtraTime:5.0]]
[2019.11.26-04.07.18:976][  0]LogConfig: Setting CVar [[s.LevelStreamingComponentsRegistrationGranularity:10]]
[2019.11.26-04.07.18:976][  0]LogConfig: Setting CVar [[s.UnregisterComponentsTimeLimit:1.0]]
[2019.11.26-04.07.18:976][  0]LogConfig: Setting CVar [[s.LevelStreamingComponentsUnregistrationGranularity:5]]
[2019.11.26-04.07.18:976][  0]LogConfig: Applying CVar settings from Section [/Script/Engine.GarbageCollectionSettings] File [C:/Users/bdedeurwaerder/Documents/GitHub/CS328-Mirus-Shot/Saved/Config/Windows/Engine.ini]
[2019.11.26-04.07.18:976][  0]LogConfig: Setting CVar [[gc.MaxObjectsNotConsideredByGC:1]]
[2019.11.26-04.07.18:976][  0]LogConfig: Setting CVar [[gc.SizeOfPermanentObjectPool:0]]
[2019.11.26-04.07.18:976][  0]LogConfig: Setting CVar [[gc.FlushStreamingOnGC:0]]
[2019.11.26-04.07.18:976][  0]LogConfig: Setting CVar [[gc.NumRetriesBeforeForcingGC:10]]
[2019.11.26-04.07.18:976][  0]LogConfig: Setting CVar [[gc.AllowParallelGC:1]]
[2019.11.26-04.07.18:976][  0]LogConfig: Setting CVar [[gc.TimeBetweenPurgingPendingKillObjects:61.1]]
[2019.11.26-04.07.18:976][  0]LogConfig: Setting CVar [[gc.MaxObjectsInEditor:16777216]]
[2019.11.26-04.07.18:976][  0]LogConfig: Setting CVar [[gc.IncrementalBeginDestroyEnabled:1]]
[2019.11.26-04.07.18:976][  0]LogConfig: Setting CVar [[gc.CreateGCClusters:1]]
[2019.11.26-04.07.18:976][  0]LogConfig: Setting CVar [[gc.MinGCClusterSize:5]]
[2019.11.26-04.07.18:977][  0]LogConfig: Setting CVar [[gc.ActorClusteringEnabled:0]]
[2019.11.26-04.07.18:977][  0]LogConfig: Setting CVar [[gc.BlueprintClusteringEnabled:0]]
[2019.11.26-04.07.18:977][  0]LogConfig: Setting CVar [[gc.UseDisregardForGCOnDedicatedServers:0]]
[2019.11.26-04.07.18:977][  0]LogConfig: Applying CVar settings from Section [/Script/Engine.NetworkSettings] File [C:/Users/bdedeurwaerder/Documents/GitHub/CS328-Mirus-Shot/Saved/Config/Windows/Engine.ini]
[2019.11.26-04.07.18:977][  0]LogConfig: Applying CVar settings from Section [/Script/UnrealEd.CookerSettings] File [C:/Users/bdedeurwaerder/Documents/GitHub/CS328-Mirus-Shot/Saved/Config/Windows/Engine.ini]
[2019.11.26-04.07.18:978][  0]LogConfig: Applying CVar settings from Section [ViewDistanceQuality@3] File [C:/Users/bdedeurwaerder/Documents/GitHub/CS328-Mirus-Shot/Saved/Config/Windows/Scalability.ini]
[2019.11.26-04.07.18:978][  0]LogConfig: Setting CVar [[r.SkeletalMeshLODBias:0]]
[2019.11.26-04.07.18:978][  0]LogConfig: Setting CVar [[r.ViewDistanceScale:1.0]]
[2019.11.26-04.07.18:978][  0]LogConfig: Applying CVar settings from Section [AntiAliasingQuality@3] File [C:/Users/bdedeurwaerder/Documents/GitHub/CS328-Mirus-Shot/Saved/Config/Windows/Scalability.ini]
[2019.11.26-04.07.18:978][  0]LogConfig: Setting CVar [[r.PostProcessAAQuality:4]]
[2019.11.26-04.07.18:978][  0]LogConfig: Applying CVar settings from Section [ShadowQuality@3] File [C:/Users/bdedeurwaerder/Documents/GitHub/CS328-Mirus-Shot/Saved/Config/Windows/Scalability.ini]
[2019.11.26-04.07.18:978][  0]LogConfig: Setting CVar [[r.LightFunctionQuality:1]]
[2019.11.26-04.07.18:978][  0]LogConfig: Setting CVar [[r.ShadowQuality:5]]
[2019.11.26-04.07.18:978][  0]LogConfig: Setting CVar [[r.Shadow.CSM.MaxCascades:10]]
[2019.11.26-04.07.18:978][  0]LogConfig: Setting CVar [[r.Shadow.MaxResolution:2048]]
[2019.11.26-04.07.18:978][  0]LogConfig: Setting CVar [[r.Shadow.MaxCSMResolution:2048]]
[2019.11.26-04.07.18:978][  0]LogConfig: Setting CVar [[r.Shadow.RadiusThreshold:0.01]]
[2019.11.26-04.07.18:978][  0]LogConfig: Setting CVar [[r.Shadow.DistanceScale:1.0]]
[2019.11.26-04.07.18:978][  0]LogConfig: Setting CVar [[r.Shadow.CSM.TransitionScale:1.0]]
[2019.11.26-04.07.18:978][  0]LogConfig: Setting CVar [[r.Shadow.PreShadowResolutionFactor:1.0]]
[2019.11.26-04.07.18:978][  0]LogConfig: Setting CVar [[r.DistanceFieldShadowing:1]]
[2019.11.26-04.07.18:978][  0]LogConfig: Setting CVar [[r.DistanceFieldAO:1]]
[2019.11.26-04.07.18:978][  0]LogConfig: Setting CVar [[r.AOQuality:2]]
[2019.11.26-04.07.18:978][  0]LogConfig: Setting CVar [[r.VolumetricFog:1]]
[2019.11.26-04.07.18:978][  0]LogConfig: Setting CVar [[r.VolumetricFog.GridPixelSize:8]]
[2019.11.26-04.07.18:978][  0]LogConfig: Setting CVar [[r.VolumetricFog.GridSizeZ:128]]
[2019.11.26-04.07.18:978][  0]LogConfig: Setting CVar [[r.VolumetricFog.HistoryMissSupersampleCount:4]]
[2019.11.26-04.07.18:978][  0]LogConfig: Setting CVar [[r.LightMaxDrawDistanceScale:1]]
[2019.11.26-04.07.18:978][  0]LogConfig: Setting CVar [[r.CapsuleShadows:1]]
[2019.11.26-04.07.18:978][  0]LogConfig: Applying CVar settings from Section [PostProcessQuality@3] File [C:/Users/bdedeurwaerder/Documents/GitHub/CS328-Mirus-Shot/Saved/Config/Windows/Scalability.ini]
[2019.11.26-04.07.18:978][  0]LogConfig: Setting CVar [[r.MotionBlurQuality:4]]
[2019.11.26-04.07.18:978][  0]LogConfig: Setting CVar [[r.AmbientOcclusionMipLevelFactor:0.4]]
[2019.11.26-04.07.18:978][  0]LogConfig: Setting CVar [[r.AmbientOcclusionMaxQuality:100]]
[2019.11.26-04.07.18:978][  0]LogConfig: Setting CVar [[r.AmbientOcclusionLevels:-1]]
[2019.11.26-04.07.18:978][  0]LogConfig: Setting CVar [[r.AmbientOcclusionRadiusScale:1.0]]
[2019.11.26-04.07.18:978][  0]LogConfig: Setting CVar [[r.DepthOfFieldQuality:2]]
[2019.11.26-04.07.18:978][  0]LogConfig: Setting CVar [[r.RenderTargetPoolMin:400]]
[2019.11.26-04.07.18:978][  0]LogConfig: Setting CVar [[r.LensFlareQuality:2]]
[2019.11.26-04.07.18:978][  0]LogConfig: Setting CVar [[r.SceneColorFringeQuality:1]]
[2019.11.26-04.07.18:978][  0]LogConfig: Setting CVar [[r.EyeAdaptationQuality:2]]
[2019.11.26-04.07.18:978][  0]LogConfig: Setting CVar [[r.BloomQuality:5]]
[2019.11.26-04.07.18:978][  0]LogConfig: Setting CVar [[r.FastBlurThreshold:100]]
[2019.11.26-04.07.18:978][  0]LogConfig: Setting CVar [[r.Upscale.Quality:3]]
[2019.11.26-04.07.18:978][  0]LogConfig: Setting CVar [[r.Tonemapper.GrainQuantization:1]]
[2019.11.26-04.07.18:978][  0]LogConfig: Setting CVar [[r.LightShaftQuality:1]]
[2019.11.26-04.07.18:978][  0]LogConfig: Setting CVar [[r.Filter.SizeScale:1]]
[2019.11.26-04.07.18:978][  0]LogConfig: Setting CVar [[r.Tonemapper.Quality:5]]
[2019.11.26-04.07.18:978][  0]LogConfig: Setting CVar [[r.DOF.Gather.AccumulatorQuality:1        ; higher gathering accumulator quality]]
[2019.11.26-04.07.18:978][  0]LogConfig: Setting CVar [[r.DOF.Gather.PostfilterMethod:1          ; Median3x3 postfilering method]]
[2019.11.26-04.07.18:978][  0]LogConfig: Setting CVar [[r.DOF.Gather.EnableBokehSettings:0       ; no bokeh simulation when gathering]]
[2019.11.26-04.07.18:978][  0]LogConfig: Setting CVar [[r.DOF.Gather.RingCount:4                 ; medium number of samples when gathering]]
[2019.11.26-04.07.18:978][  0]LogConfig: Setting CVar [[r.DOF.Scatter.ForegroundCompositing:1    ; additive foreground scattering]]
[2019.11.26-04.07.18:978][  0]LogConfig: Setting CVar [[r.DOF.Scatter.BackgroundCompositing:2    ; additive background scattering]]
[2019.11.26-04.07.18:978][  0]LogConfig: Setting CVar [[r.DOF.Scatter.EnableBokehSettings:1      ; bokeh simulation when scattering]]
[2019.11.26-04.07.18:978][  0]LogConfig: Setting CVar [[r.DOF.Scatter.MaxSpriteRatio:0.1         ; only a maximum of 10% of scattered bokeh]]
[2019.11.26-04.07.18:978][  0]LogConfig: Setting CVar [[r.DOF.Recombine.Quality:1                ; cheap slight out of focus]]
[2019.11.26-04.07.18:978][  0]LogConfig: Setting CVar [[r.DOF.Recombine.EnableBokehSettings:0    ; no bokeh simulation on slight out of focus]]
[2019.11.26-04.07.18:978][  0]LogConfig: Setting CVar [[r.DOF.TemporalAAQuality:1                ; more stable temporal accumulation]]
[2019.11.26-04.07.18:979][  0]LogConfig: Setting CVar [[r.DOF.Kernel.MaxForegroundRadius:0.025]]
[2019.11.26-04.07.18:979][  0]LogConfig: Setting CVar [[r.DOF.Kernel.MaxBackgroundRadius:0.025]]
[2019.11.26-04.07.18:979][  0]LogConfig: Applying CVar settings from Section [TextureQuality@3] File [C:/Users/bdedeurwaerder/Documents/GitHub/CS328-Mirus-Shot/Saved/Config/Windows/Scalability.ini]
[2019.11.26-04.07.18:979][  0]LogConfig: Setting CVar [[r.Streaming.MipBias:0]]
[2019.11.26-04.07.18:979][  0]LogConfig: Setting CVar [[r.Streaming.AmortizeCPUToGPUCopy:0]]
[2019.11.26-04.07.18:979][  0]LogConfig: Setting CVar [[r.Streaming.MaxNumTexturesToStreamPerFrame:0]]
[2019.11.26-04.07.18:979][  0]LogConfig: Setting CVar [[r.Streaming.Boost:1]]
[2019.11.26-04.07.18:979][  0]LogConfig: Setting CVar [[r.MaxAnisotropy:8]]
[2019.11.26-04.07.18:979][  0]LogConfig: Setting CVar [[r.Streaming.LimitPoolSizeToVRAM:0]]
[2019.11.26-04.07.18:979][  0]LogConfig: Setting CVar [[r.Streaming.PoolSize:1000]]
[2019.11.26-04.07.18:979][  0]LogConfig: Setting CVar [[r.Streaming.MaxEffectiveScreenSize:0]]
[2019.11.26-04.07.18:979][  0]LogConfig: Applying CVar settings from Section [EffectsQuality@3] File [C:/Users/bdedeurwaerder/Documents/GitHub/CS328-Mirus-Shot/Saved/Config/Windows/Scalability.ini]
[2019.11.26-04.07.18:979][  0]LogConfig: Setting CVar [[r.TranslucencyLightingVolumeDim:64]]
[2019.11.26-04.07.18:979][  0]LogConfig: Setting CVar [[r.RefractionQuality:2]]
[2019.11.26-04.07.18:979][  0]LogConfig: Setting CVar [[r.SSR.Quality:3]]
[2019.11.26-04.07.18:979][  0]LogConfig: Setting CVar [[r.SceneColorFormat:4]]
[2019.11.26-04.07.18:979][  0]LogConfig: Setting CVar [[r.DetailMode:2]]
[2019.11.26-04.07.18:979][  0]LogConfig: Setting CVar [[r.TranslucencyVolumeBlur:1]]
[2019.11.26-04.07.18:979][  0]LogConfig: Setting CVar [[r.MaterialQualityLevel:1 ; High quality]]
[2019.11.26-04.07.18:979][  0]LogConfig: Setting CVar [[r.SSS.Scale:1]]
[2019.11.26-04.07.18:979][  0]LogConfig: Setting CVar [[r.SSS.SampleSet:2]]
[2019.11.26-04.07.18:979][  0]LogConfig: Setting CVar [[r.SSS.Quality:1]]
[2019.11.26-04.07.18:979][  0]LogConfig: Setting CVar [[r.SSS.HalfRes:1]]
[2019.11.26-04.07.18:979][  0]LogConfig: Setting CVar [[r.EmitterSpawnRateScale:1.0]]
[2019.11.26-04.07.18:979][  0]LogConfig: Setting CVar [[r.ParticleLightQuality:2]]
[2019.11.26-04.07.18:979][  0]LogConfig: Applying CVar settings from Section [FoliageQuality@3] File [C:/Users/bdedeurwaerder/Documents/GitHub/CS328-Mirus-Shot/Saved/Config/Windows/Scalability.ini]
[2019.11.26-04.07.18:979][  0]LogConfig: Setting CVar [[foliage.DensityScale:1.0]]
[2019.11.26-04.07.18:979][  0]LogConfig: Setting CVar [[grass.DensityScale:1.0]]
[2019.11.26-04.07.18:979][  0]LogInit: Selected Device Profile: [Windows]
[2019.11.26-04.07.18:979][  0]LogInit: Applying CVar settings loaded from the selected device profile: [Windows]
[2019.11.26-04.07.18:990][  0]LogHAL: Display: Platform has ~ 32 GB [34233085952 / 34359738368 / 32], which maps to Largest [LargestMinGB=32, LargerMinGB=12, DefaultMinGB=8, SmallerMinGB=6, SmallestMinGB=0)
[2019.11.26-04.07.18:990][  0]LogConfig: Setting CVar [[r.Vulkan.UseRealUBs:0		; Required until we fix HLR fall-out]]
[2019.11.26-04.07.18:990][  0]LogInit: Going up to parent DeviceProfile []
[2019.11.26-04.07.18:990][  0]LogConfig: Applying CVar settings from Section [ViewDistanceQuality@3] File [C:/Users/bdedeurwaerder/Documents/GitHub/CS328-Mirus-Shot/Saved/Config/Windows/Scalability.ini]
[2019.11.26-04.07.18:990][  0]LogConfig: Setting CVar [[r.SkeletalMeshLODBias:0]]
[2019.11.26-04.07.18:990][  0]LogConfig: Setting CVar [[r.ViewDistanceScale:1.0]]
[2019.11.26-04.07.18:990][  0]LogConfig: Applying CVar settings from Section [AntiAliasingQuality@3] File [C:/Users/bdedeurwaerder/Documents/GitHub/CS328-Mirus-Shot/Saved/Config/Windows/Scalability.ini]
[2019.11.26-04.07.18:990][  0]LogConfig: Setting CVar [[r.PostProcessAAQuality:4]]
[2019.11.26-04.07.18:990][  0]LogConfig: Applying CVar settings from Section [ShadowQuality@3] File [C:/Users/bdedeurwaerder/Documents/GitHub/CS328-Mirus-Shot/Saved/Config/Windows/Scalability.ini]
[2019.11.26-04.07.18:990][  0]LogConfig: Setting CVar [[r.LightFunctionQuality:1]]
[2019.11.26-04.07.18:990][  0]LogConfig: Setting CVar [[r.ShadowQuality:5]]
[2019.11.26-04.07.18:990][  0]LogConfig: Setting CVar [[r.Shadow.CSM.MaxCascades:10]]
[2019.11.26-04.07.18:990][  0]LogConfig: Setting CVar [[r.Shadow.MaxResolution:2048]]
[2019.11.26-04.07.18:990][  0]LogConfig: Setting CVar [[r.Shadow.MaxCSMResolution:2048]]
[2019.11.26-04.07.18:990][  0]LogConfig: Setting CVar [[r.Shadow.RadiusThreshold:0.01]]
[2019.11.26-04.07.18:990][  0]LogConfig: Setting CVar [[r.Shadow.DistanceScale:1.0]]
[2019.11.26-04.07.18:990][  0]LogConfig: Setting CVar [[r.Shadow.CSM.TransitionScale:1.0]]
[2019.11.26-04.07.18:990][  0]LogConfig: Setting CVar [[r.Shadow.PreShadowResolutionFactor:1.0]]
[2019.11.26-04.07.18:990][  0]LogConfig: Setting CVar [[r.DistanceFieldShadowing:1]]
[2019.11.26-04.07.18:990][  0]LogConfig: Setting CVar [[r.DistanceFieldAO:1]]
[2019.11.26-04.07.18:990][  0]LogConfig: Setting CVar [[r.AOQuality:2]]
[2019.11.26-04.07.18:990][  0]LogConfig: Setting CVar [[r.VolumetricFog:1]]
[2019.11.26-04.07.18:990][  0]LogConfig: Setting CVar [[r.VolumetricFog.GridPixelSize:8]]
[2019.11.26-04.07.18:990][  0]LogConfig: Setting CVar [[r.VolumetricFog.GridSizeZ:128]]
[2019.11.26-04.07.18:990][  0]LogConfig: Setting CVar [[r.VolumetricFog.HistoryMissSupersampleCount:4]]
[2019.11.26-04.07.18:990][  0]LogConfig: Setting CVar [[r.LightMaxDrawDistanceScale:1]]
[2019.11.26-04.07.18:990][  0]LogConfig: Setting CVar [[r.CapsuleShadows:1]]
[2019.11.26-04.07.18:990][  0]LogConfig: Applying CVar settings from Section [PostProcessQuality@3] File [C:/Users/bdedeurwaerder/Documents/GitHub/CS328-Mirus-Shot/Saved/Config/Windows/Scalability.ini]
[2019.11.26-04.07.18:990][  0]LogConfig: Setting CVar [[r.MotionBlurQuality:4]]
[2019.11.26-04.07.18:990][  0]LogConfig: Setting CVar [[r.AmbientOcclusionMipLevelFactor:0.4]]
[2019.11.26-04.07.18:990][  0]LogConfig: Setting CVar [[r.AmbientOcclusionMaxQuality:100]]
[2019.11.26-04.07.18:990][  0]LogConfig: Setting CVar [[r.AmbientOcclusionLevels:-1]]
[2019.11.26-04.07.18:990][  0]LogConfig: Setting CVar [[r.AmbientOcclusionRadiusScale:1.0]]
[2019.11.26-04.07.18:990][  0]LogConfig: Setting CVar [[r.DepthOfFieldQuality:2]]
[2019.11.26-04.07.18:990][  0]LogConfig: Setting CVar [[r.RenderTargetPoolMin:400]]
[2019.11.26-04.07.18:990][  0]LogConfig: Setting CVar [[r.LensFlareQuality:2]]
[2019.11.26-04.07.18:990][  0]LogConfig: Setting CVar [[r.SceneColorFringeQuality:1]]
[2019.11.26-04.07.18:990][  0]LogConfig: Setting CVar [[r.EyeAdaptationQuality:2]]
[2019.11.26-04.07.18:990][  0]LogConfig: Setting CVar [[r.BloomQuality:5]]
[2019.11.26-04.07.18:990][  0]LogConfig: Setting CVar [[r.FastBlurThreshold:100]]
[2019.11.26-04.07.18:990][  0]LogConfig: Setting CVar [[r.Upscale.Quality:3]]
[2019.11.26-04.07.18:990][  0]LogConfig: Setting CVar [[r.Tonemapper.GrainQuantization:1]]
[2019.11.26-04.07.18:990][  0]LogConfig: Setting CVar [[r.LightShaftQuality:1]]
[2019.11.26-04.07.18:990][  0]LogConfig: Setting CVar [[r.Filter.SizeScale:1]]
[2019.11.26-04.07.18:990][  0]LogConfig: Setting CVar [[r.Tonemapper.Quality:5]]
[2019.11.26-04.07.18:990][  0]LogConfig: Setting CVar [[r.DOF.Gather.AccumulatorQuality:1        ; higher gathering accumulator quality]]
[2019.11.26-04.07.18:990][  0]LogConfig: Setting CVar [[r.DOF.Gather.PostfilterMethod:1          ; Median3x3 postfilering method]]
[2019.11.26-04.07.18:990][  0]LogConfig: Setting CVar [[r.DOF.Gather.EnableBokehSettings:0       ; no bokeh simulation when gathering]]
[2019.11.26-04.07.18:991][  0]LogConfig: Setting CVar [[r.DOF.Gather.RingCount:4                 ; medium number of samples when gathering]]
[2019.11.26-04.07.18:991][  0]LogConfig: Setting CVar [[r.DOF.Scatter.ForegroundCompositing:1    ; additive foreground scattering]]
[2019.11.26-04.07.18:991][  0]LogConfig: Setting CVar [[r.DOF.Scatter.BackgroundCompositing:2    ; additive background scattering]]
[2019.11.26-04.07.18:991][  0]LogConfig: Setting CVar [[r.DOF.Scatter.EnableBokehSettings:1      ; bokeh simulation when scattering]]
[2019.11.26-04.07.18:991][  0]LogConfig: Setting CVar [[r.DOF.Scatter.MaxSpriteRatio:0.1         ; only a maximum of 10% of scattered bokeh]]
[2019.11.26-04.07.18:991][  0]LogConfig: Setting CVar [[r.DOF.Recombine.Quality:1                ; cheap slight out of focus]]
[2019.11.26-04.07.18:991][  0]LogConfig: Setting CVar [[r.DOF.Recombine.EnableBokehSettings:0    ; no bokeh simulation on slight out of focus]]
[2019.11.26-04.07.18:991][  0]LogConfig: Setting CVar [[r.DOF.TemporalAAQuality:1                ; more stable temporal accumulation]]
[2019.11.26-04.07.18:991][  0]LogConfig: Setting CVar [[r.DOF.Kernel.MaxForegroundRadius:0.025]]
[2019.11.26-04.07.18:991][  0]LogConfig: Setting CVar [[r.DOF.Kernel.MaxBackgroundRadius:0.025]]
[2019.11.26-04.07.18:991][  0]LogConfig: Applying CVar settings from Section [TextureQuality@3] File [C:/Users/bdedeurwaerder/Documents/GitHub/CS328-Mirus-Shot/Saved/Config/Windows/Scalability.ini]
[2019.11.26-04.07.18:991][  0]LogConfig: Setting CVar [[r.Streaming.MipBias:0]]
[2019.11.26-04.07.18:991][  0]LogConfig: Setting CVar [[r.Streaming.AmortizeCPUToGPUCopy:0]]
[2019.11.26-04.07.18:991][  0]LogConfig: Setting CVar [[r.Streaming.MaxNumTexturesToStreamPerFrame:0]]
[2019.11.26-04.07.18:991][  0]LogConfig: Setting CVar [[r.Streaming.Boost:1]]
[2019.11.26-04.07.18:991][  0]LogConfig: Setting CVar [[r.MaxAnisotropy:8]]
[2019.11.26-04.07.18:991][  0]LogConfig: Setting CVar [[r.Streaming.LimitPoolSizeToVRAM:0]]
[2019.11.26-04.07.18:991][  0]LogConfig: Setting CVar [[r.Streaming.PoolSize:1000]]
[2019.11.26-04.07.18:991][  0]LogConfig: Setting CVar [[r.Streaming.MaxEffectiveScreenSize:0]]
[2019.11.26-04.07.18:991][  0]LogConfig: Applying CVar settings from Section [EffectsQuality@3] File [C:/Users/bdedeurwaerder/Documents/GitHub/CS328-Mirus-Shot/Saved/Config/Windows/Scalability.ini]
[2019.11.26-04.07.18:991][  0]LogConfig: Setting CVar [[r.TranslucencyLightingVolumeDim:64]]
[2019.11.26-04.07.18:991][  0]LogConfig: Setting CVar [[r.RefractionQuality:2]]
[2019.11.26-04.07.18:991][  0]LogConfig: Setting CVar [[r.SSR.Quality:3]]
[2019.11.26-04.07.18:991][  0]LogConfig: Setting CVar [[r.SceneColorFormat:4]]
[2019.11.26-04.07.18:991][  0]LogConfig: Setting CVar [[r.DetailMode:2]]
[2019.11.26-04.07.18:991][  0]LogConfig: Setting CVar [[r.TranslucencyVolumeBlur:1]]
[2019.11.26-04.07.18:991][  0]LogConfig: Setting CVar [[r.MaterialQualityLevel:1 ; High quality]]
[2019.11.26-04.07.18:991][  0]LogConfig: Setting CVar [[r.SSS.Scale:1]]
[2019.11.26-04.07.18:991][  0]LogConfig: Setting CVar [[r.SSS.SampleSet:2]]
[2019.11.26-04.07.18:991][  0]LogConfig: Setting CVar [[r.SSS.Quality:1]]
[2019.11.26-04.07.18:991][  0]LogConfig: Setting CVar [[r.SSS.HalfRes:1]]
[2019.11.26-04.07.18:991][  0]LogConfig: Setting CVar [[r.EmitterSpawnRateScale:1.0]]
[2019.11.26-04.07.18:991][  0]LogConfig: Setting CVar [[r.ParticleLightQuality:2]]
[2019.11.26-04.07.18:991][  0]LogConfig: Applying CVar settings from Section [FoliageQuality@3] File [C:/Users/bdedeurwaerder/Documents/GitHub/CS328-Mirus-Shot/Saved/Config/Windows/Scalability.ini]
[2019.11.26-04.07.18:991][  0]LogConfig: Setting CVar [[foliage.DensityScale:1.0]]
[2019.11.26-04.07.18:991][  0]LogConfig: Setting CVar [[grass.DensityScale:1.0]]
[2019.11.26-04.07.18:991][  0]LogConfig: Applying CVar settings from Section [Startup] File [../../../Engine/Config/ConsoleVariables.ini]
[2019.11.26-04.07.18:991][  0]LogConfig: Setting CVar [[net.UseAdaptiveNetUpdateFrequency:0]]
[2019.11.26-04.07.18:991][  0]LogConfig: Setting CVar [[p.chaos.AllowCreatePhysxBodies:1]]
[2019.11.26-04.07.18:991][  0]LogConfig: Applying CVar settings from Section [ConsoleVariables] File [C:/Users/bdedeurwaerder/Documents/GitHub/CS328-Mirus-Shot/Saved/Config/Windows/Engine.ini]
[2019.11.26-04.07.18:991][  0]LogInit: Computer: DMSLAB23
[2019.11.26-04.07.18:991][  0]LogInit: User: bdedeurwaerder
[2019.11.26-04.07.18:991][  0]LogInit: CPU Page size=4096, Cores=4
[2019.11.26-04.07.18:991][  0]LogInit: High frequency timer resolution =3.515626 MHz
[2019.11.26-04.07.18:991][  0]LogMemory: Memory total: Physical=31.9GB (32GB approx)
[2019.11.26-04.07.18:991][  0]LogMemory: Platform Memory Stats for Windows
[2019.11.26-04.07.18:991][  0]LogMemory: Process Physical Memory: 96.78 MB used, 96.78 MB peak
[2019.11.26-04.07.18:991][  0]LogMemory: Process Virtual Memory: 89.16 MB used, 89.16 MB peak
[2019.11.26-04.07.18:991][  0]LogMemory: Physical Memory: 10339.39 MB used,  22307.83 MB free, 32647.21 MB total
[2019.11.26-04.07.18:991][  0]LogMemory: Virtual Memory: 557.97 MB used,  134217168.00 MB free, 134217728.00 MB total
[2019.11.26-04.07.19:001][  0]LogInit: Using OS detected language (en-US).
[2019.11.26-04.07.19:001][  0]LogInit: Using OS detected locale (en-US).
[2019.11.26-04.07.19:001][  0]LogTextLocalizationManager: No specific localization for 'en-US' exists, so the 'en' localization will be used.
[2019.11.26-04.07.19:122][  0]LogInit: Setting process to per monitor DPI aware
[2019.11.26-04.07.19:143][  0]LogSlate: New Slate User Created.  User Index 0, Is Virtual User: 0
[2019.11.26-04.07.19:143][  0]LogSlate: Slate User Registered.  User Index 0, Is Virtual User: 0
[2019.11.26-04.07.19:266][  0]LogHMD: Failed to initialize OpenVR with code 110
[2019.11.26-04.07.19:266][  0]LogD3D11RHI: D3D11 adapters:
[2019.11.26-04.07.19:274][  0]LogD3D11RHI:    0. 'Intel(R) HD Graphics 630' (Feature Level 11_0)
[2019.11.26-04.07.19:274][  0]LogD3D11RHI:       128/0/16323 MB DedicatedVideo/DedicatedSystem/SharedSystem, Outputs:1, VendorId:0x8086
[2019.11.26-04.07.19:276][  0]LogD3D11RHI:    1. 'Microsoft Basic Render Driver' (Feature Level 11_0)
[2019.11.26-04.07.19:276][  0]LogD3D11RHI:       0/0/16323 MB DedicatedVideo/DedicatedSystem/SharedSystem, Outputs:0, VendorId:0x1414
[2019.11.26-04.07.19:276][  0]LogD3D11RHI: Chosen D3D11 Adapter: 0
[2019.11.26-04.07.19:281][  0]LogD3D11RHI: Creating new Direct3DDevice
[2019.11.26-04.07.19:281][  0]LogD3D11RHI:     GPU DeviceId: 0x5912 (for the marketing name, search the web for "GPU Device Id")
[2019.11.26-04.07.19:281][  0]LogWindows: EnumDisplayDevices:
[2019.11.26-04.07.19:281][  0]LogWindows:    0. 'Intel(R) HD Graphics 630' (P:1 D:1)
[2019.11.26-04.07.19:281][  0]LogWindows:    1. 'Intel(R) HD Graphics 630' (P:0 D:0)
[2019.11.26-04.07.19:281][  0]LogWindows:    2. 'Intel(R) HD Graphics 630' (P:0 D:0)
[2019.11.26-04.07.19:282][  0]LogWindows:    3. 'Freedom Scientific Accessibility Display Driver' (P:0 D:0)
[2019.11.26-04.07.19:282][  0]LogWindows: DebugString: GetVideoDriverDetailsInvalid PrimaryIsNotTheChoosenAdapter FoundDriverCount:3 
[2019.11.26-04.07.19:282][  0]LogD3D11RHI:     Adapter Name: Intel(R) HD Graphics 630
[2019.11.26-04.07.19:282][  0]LogD3D11RHI:   Driver Version: 23.20.16.4849 (internal:23.20.16.4849, unified:23.20.16.4849)
[2019.11.26-04.07.19:282][  0]LogD3D11RHI:      Driver Date: 10-27-2017
[2019.11.26-04.07.19:282][  0]LogRHI: Texture pool is 1523 MB (70% of 2176 MB)
[2019.11.26-04.07.19:288][  0]LogD3D11RHI: Async texture creation enabled
[2019.11.26-04.07.19:291][  0]LogRendererCore: FGlobalReadBuffer::InitRHI
[2019.11.26-04.07.19:291][  0]LogRendererCore: FGlobalReadBuffer::InitRHI
[2019.11.26-04.07.19:291][  0]LogRendererCore: FGlobalReadBuffer::InitRHI
[2019.11.26-04.07.19:292][  0]LogD3D11RHI: GPU Timing Frequency: 12.000048 (Debug: 2 0)
[2019.11.26-04.07.19:489][  0]LogTemp: Display: Module 'AllDesktopTargetPlatform' loaded TargetPlatform 'AllDesktop'
[2019.11.26-04.07.19:502][  0]LogTemp: Display: Module 'MacClientTargetPlatform' loaded TargetPlatform 'MacClient'
[2019.11.26-04.07.19:514][  0]LogTemp: Display: Module 'MacNoEditorTargetPlatform' loaded TargetPlatform 'MacNoEditor'
[2019.11.26-04.07.19:526][  0]LogTemp: Display: Module 'MacServerTargetPlatform' loaded TargetPlatform 'MacServer'
[2019.11.26-04.07.19:537][  0]LogTemp: Display: Module 'MacTargetPlatform' loaded TargetPlatform 'Mac'
[2019.11.26-04.07.19:547][  0]LogTemp: Display: Module 'WindowsClientTargetPlatform' loaded TargetPlatform 'WindowsClient'
[2019.11.26-04.07.19:558][  0]LogTemp: Display: Module 'WindowsNoEditorTargetPlatform' loaded TargetPlatform 'WindowsNoEditor'
[2019.11.26-04.07.19:569][  0]LogTemp: Display: Module 'WindowsServerTargetPlatform' loaded TargetPlatform 'WindowsServer'
[2019.11.26-04.07.19:573][  0]LogTemp: Display: Module 'WindowsTargetPlatform' loaded TargetPlatform 'Windows'
[2019.11.26-04.07.19:637][  0]LogTemp: Display: Module 'AndroidTargetPlatform' loaded TargetPlatform 'Android'
[2019.11.26-04.07.19:637][  0]LogTemp: Display: Module 'AndroidTargetPlatform' loaded TargetPlatform 'Android_ASTC'
[2019.11.26-04.07.19:637][  0]LogTemp: Display: Module 'AndroidTargetPlatform' loaded TargetPlatform 'Android_ATC'
[2019.11.26-04.07.19:637][  0]LogTemp: Display: Module 'AndroidTargetPlatform' loaded TargetPlatform 'Android_DXT'
[2019.11.26-04.07.19:637][  0]LogTemp: Display: Module 'AndroidTargetPlatform' loaded TargetPlatform 'Android_ETC1'
[2019.11.26-04.07.19:637][  0]LogTemp: Display: Module 'AndroidTargetPlatform' loaded TargetPlatform 'Android_ETC1a'
[2019.11.26-04.07.19:637][  0]LogTemp: Display: Module 'AndroidTargetPlatform' loaded TargetPlatform 'Android_ETC2'
[2019.11.26-04.07.19:637][  0]LogTemp: Display: Module 'AndroidTargetPlatform' loaded TargetPlatform 'Android_PVRTC'
[2019.11.26-04.07.19:637][  0]LogTemp: Display: Module 'AndroidTargetPlatform' loaded TargetPlatform 'AndroidClient'
[2019.11.26-04.07.19:637][  0]LogTemp: Display: Module 'AndroidTargetPlatform' loaded TargetPlatform 'Android_ASTCClient'
[2019.11.26-04.07.19:637][  0]LogTemp: Display: Module 'AndroidTargetPlatform' loaded TargetPlatform 'Android_ATCClient'
[2019.11.26-04.07.19:637][  0]LogTemp: Display: Module 'AndroidTargetPlatform' loaded TargetPlatform 'Android_DXTClient'
[2019.11.26-04.07.19:637][  0]LogTemp: Display: Module 'AndroidTargetPlatform' loaded TargetPlatform 'Android_ETC1Client'
[2019.11.26-04.07.19:637][  0]LogTemp: Display: Module 'AndroidTargetPlatform' loaded TargetPlatform 'Android_ETC1aClient'
[2019.11.26-04.07.19:637][  0]LogTemp: Display: Module 'AndroidTargetPlatform' loaded TargetPlatform 'Android_ETC2Client'
[2019.11.26-04.07.19:637][  0]LogTemp: Display: Module 'AndroidTargetPlatform' loaded TargetPlatform 'Android_PVRTCClient'
[2019.11.26-04.07.19:637][  0]LogTemp: Display: Module 'AndroidTargetPlatform' loaded TargetPlatform 'Android_Multi'
[2019.11.26-04.07.19:637][  0]LogTemp: Display: Module 'AndroidTargetPlatform' loaded TargetPlatform 'Android_MultiClient'
[2019.11.26-04.07.19:638][  0]LogTemp: Display: Module 'HTML5TargetPlatform' loaded TargetPlatform 'HTML5'
[2019.11.26-04.07.19:681][  0]LogTemp: Display: Module 'IOSTargetPlatform' loaded TargetPlatform 'IOSClient'
[2019.11.26-04.07.19:681][  0]LogTemp: Display: Module 'IOSTargetPlatform' loaded TargetPlatform 'IOS'
[2019.11.26-04.07.19:699][  0]LogTemp: Display: Module 'TVOSTargetPlatform' loaded TargetPlatform 'TVOSClient'
[2019.11.26-04.07.19:699][  0]LogTemp: Display: Module 'TVOSTargetPlatform' loaded TargetPlatform 'TVOS'
[2019.11.26-04.07.19:709][  0]LogTemp: Display: Module 'LinuxClientTargetPlatform' loaded TargetPlatform 'LinuxClient'
[2019.11.26-04.07.19:718][  0]LogTemp: Display: Module 'LinuxNoEditorTargetPlatform' loaded TargetPlatform 'LinuxNoEditor'
[2019.11.26-04.07.19:729][  0]LogTemp: Display: Module 'LinuxServerTargetPlatform' loaded TargetPlatform 'LinuxServer'
[2019.11.26-04.07.19:739][  0]LogTemp: Display: Module 'LinuxTargetPlatform' loaded TargetPlatform 'Linux'
[2019.11.26-04.07.19:774][  0]LogTemp: Display: Module 'LuminTargetPlatform' loaded TargetPlatform 'Lumin'
[2019.11.26-04.07.19:774][  0]LogTemp: Display: Module 'LuminTargetPlatform' loaded TargetPlatform 'LuminClient'
[2019.11.26-04.07.19:774][  0]LogTargetPlatformManager: Display: Building Assets For Windows
[2019.11.26-04.07.19:779][  0]LogAudioDebug: Display: Lib vorbis DLL was dynamically loaded.
[2019.11.26-04.07.19:812][  0]LogShaderCompilers: Guid format shader working directory is -17 characters bigger than the processId version (../../../../../../Users/bdedeurwaerder/Documents/GitHub/CS328-Mirus-Shot/Intermediate/Shaders/WorkingDirectory/7688/).
[2019.11.26-04.07.19:812][  0]LogShaderCompilers: Cleaned the shader compiler working directory 'C:/Users/bdedeurwaerder/AppData/Local/Temp/UnrealShaderWorkingDir/EEF047DA4D291EC5E1840882D2B29B0D/'.
[2019.11.26-04.07.19:814][  0]LogXGEController: Cannot use XGE Controller as Incredibuild is not installed on this machine.
[2019.11.26-04.07.19:814][  0]LogShaderCompilers: Cannot use XGE Shader Compiler as Incredibuild is not installed on this machine.
[2019.11.26-04.07.19:814][  0]LogShaderCompilers: Display: Using Local Shader Compiler.
[2019.11.26-04.07.20:281][  0]LogDerivedDataCache: Display: Max Cache Size: 512 MB
[2019.11.26-04.07.20:316][  0]LogDerivedDataCache: Loaded boot cache 0.04s 71MB C:/Users/bdedeurwaerder/AppData/Local/UnrealEngine/4.22/DerivedDataCache/Boot.ddc.
[2019.11.26-04.07.20:316][  0]LogDerivedDataCache: Display: Loaded Boot cache: C:/Users/bdedeurwaerder/AppData/Local/UnrealEngine/4.22/DerivedDataCache/Boot.ddc
[2019.11.26-04.07.20:317][  0]LogDerivedDataCache: FDerivedDataBackendGraph:  Pak pak cache file ../../../../../../Users/bdedeurwaerder/Documents/GitHub/CS328-Mirus-Shot/DerivedDataCache/DDC.ddp not found, will not use a pak cache.
[2019.11.26-04.07.20:317][  0]LogDerivedDataCache: Unable to find inner node Pak for hierarchical cache Hierarchy.
[2019.11.26-04.07.20:317][  0]LogDerivedDataCache: FDerivedDataBackendGraph:  CompressedPak pak cache file ../../../../../../Users/bdedeurwaerder/Documents/GitHub/CS328-Mirus-Shot/DerivedDataCache/Compressed.ddp not found, will not use a pak cache.
[2019.11.26-04.07.20:317][  0]LogDerivedDataCache: Unable to find inner node CompressedPak for hierarchical cache Hierarchy.
[2019.11.26-04.07.20:327][  0]LogDerivedDataCache: Display: Pak cache opened for reading ../../../Engine/DerivedDataCache/Compressed.ddp.
[2019.11.26-04.07.20:327][  0]LogDerivedDataCache: FDerivedDataBackendGraph:  EnterprisePak pak cache file ../../../Enterprise/DerivedDataCache/Compressed.ddp not found, will not use a pak cache.
[2019.11.26-04.07.20:327][  0]LogDerivedDataCache: Unable to find inner node EnterprisePak for hierarchical cache Hierarchy.
[2019.11.26-04.07.20:339][  0]LogDerivedDataCache: Using Local data cache path C:/Users/bdedeurwaerder/AppData/Local/UnrealEngine/Common/DerivedDataCache: Writable
[2019.11.26-04.07.20:339][  0]LogDerivedDataCache: Shared data cache path not found in *engine.ini, will not use an Shared cache.
[2019.11.26-04.07.20:339][  0]LogDerivedDataCache: Unable to find inner node Shared for hierarchical cache Hierarchy.
[2019.11.26-04.07.20:357][  0]LogMaterial: Verifying Global Shaders for PCD3D_SM5
[2019.11.26-04.07.20:358][  0]LogSlate: Using FreeType 2.6.0
[2019.11.26-04.07.20:358][  0]LogSlate: SlateFontServices - WITH_FREETYPE: 1, WITH_HARFBUZZ: 1
[2019.11.26-04.07.20:425][  0]LogAssetRegistry: FAssetRegistry took 0.0306 seconds to start up
[2019.11.26-04.07.20:701][  0]LogInit: Selected Device Profile: [Windows]
[2019.11.26-04.07.20:811][  0]LogMeshReduction: Using QuadricMeshReduction for automatic static mesh reduction
[2019.11.26-04.07.20:811][  0]LogMeshReduction: Using SimplygonMeshReduction for automatic skeletal mesh reduction
[2019.11.26-04.07.20:811][  0]LogMeshReduction: Using ProxyLODMeshReduction for automatic mesh merging
[2019.11.26-04.07.20:811][  0]LogMeshReduction: No distributed automatic mesh merging module available
[2019.11.26-04.07.20:811][  0]LogMeshMerging: No distributed automatic mesh merging module available
[2019.11.26-04.07.20:819][  0]LogNetVersion: MirusShot 1.0.0, NetCL: 5660361, EngineNetVer: 10, GameNetVer: 0 (Checksum: 2792318432)
[2019.11.26-04.07.21:138][  0]LogPackageLocalizationCache: Processed 10 localized package path(s) for 1 prioritized culture(s) in 0.035034 seconds
[2019.11.26-04.07.21:144][  0]LogUObjectArray: 42205 objects as part of root set at end of initial load.
[2019.11.26-04.07.21:144][  0]LogUObjectAllocator: 7325032 out of 0 bytes used by permanent object pool.
[2019.11.26-04.07.21:144][  0]LogUObjectArray: CloseDisregardForGC: 0/0 objects in disregard for GC pool
[2019.11.26-04.07.21:791][  0]LogTcpMessaging: Initializing TcpMessaging bridge
[2019.11.26-04.07.21:804][  0]LogUdpMessaging: Initializing bridge on interface 0.0.0.0:0 to multicast group 230.0.0.1:6666.
[2019.11.26-04.07.21:895][  0]SourceControl: Source control is disabled
[2019.11.26-04.07.21:895][  0]SourceControl: Source control is disabled
[2019.11.26-04.07.21:896][  0]SourceControl: Source control is disabled
[2019.11.26-04.07.21:897][  0]SourceControl: Source control is disabled
[2019.11.26-04.07.21:947][  0]LogAndroidPermission: UAndroidPermissionCallbackProxy::GetInstance
[2019.11.26-04.07.21:983][  0]LogOcInput: OculusInput pre-init called
[2019.11.26-04.07.22:509][  0]LogEngine: Initializing Engine...
[2019.11.26-04.07.22:509][  0]LogHMD: Failed to initialize OpenVR with code 110
[2019.11.26-04.07.22:510][  0]LogStats: UGameplayTagsManager::InitializeManager -  0.000 s
[2019.11.26-04.07.22:674][  0]LogInit: Initializing FReadOnlyCVARCache
[2019.11.26-04.07.22:685][  0]LogAIModule: Creating AISystem for world Untitled
[2019.11.26-04.07.22:689][  0]LogInit: XAudio2 using 'Speakers (Conexant HD Audio)' : 2 channels at 48 kHz using 32 bits per sample (channel mask 0x3)
[2019.11.26-04.07.22:835][  0]LogInit: FAudioDevice initialized.
[2019.11.26-04.07.22:835][  0]LogNetVersion: Set ProjectVersion to 1.0.0.0. Version Checksum will be recalculated on next use.
[2019.11.26-04.07.22:873][  0]LogDerivedDataCache: Saved boot cache 0.04s 71MB C:/Users/bdedeurwaerder/AppData/Local/UnrealEngine/4.22/DerivedDataCache/Boot.ddc.
[2019.11.26-04.07.22:879][  0]LogInit: Texture streaming: Enabled
[2019.11.26-04.07.22:891][  0]LogEngineSessionManager: EngineSessionManager initialized
[2019.11.26-04.07.22:905][  0]LogInit: Transaction tracking system initialized
[2019.11.26-04.07.22:919][  0]BlueprintLog: New page: Editor Load
[2019.11.26-04.07.22:974][  0]LocalizationService: Localization service is disabled
[2019.11.26-04.07.23:199][  0]LogFileCache: Scanning file cache for directory 'C:/Users/bdedeurwaerder/Documents/GitHub/CS328-Mirus-Shot/Content/' took 0.01s
[2019.11.26-04.07.23:199][  0]LogCook: Display: Max memory allowance for cook 16384mb min free memory 0mb
[2019.11.26-04.07.23:199][  0]LogCook: Display: Mobile HDR setting 1
[2019.11.26-04.07.23:362][  0]SourceControl: Source control is disabled
[2019.11.26-04.07.23:362][  0]Cmd: MAP LOAD FILE="../../../../../../Users/bdedeurwaerder/Documents/GitHub/CS328-Mirus-Shot/Content/FirstPersonBP/Maps/FirstPersonExampleMap.umap" TEMPLATE=0 SHOWPROGRESS=1 FEATURELEVEL=3
[2019.11.26-04.07.23:362][  0]LightingResults: New page: Lighting Build
[2019.11.26-04.07.23:364][  0]MapCheck: New page: Map Check
[2019.11.26-04.07.23:364][  0]LightingResults: New page: Lighting Build
[2019.11.26-04.07.23:386][  0]LogUObjectHash: Compacting FUObjectHashTables data took   1.32ms
[2019.11.26-04.07.23:604][  0]LogAIModule: Creating AISystem for world FirstPersonExampleMap
[2019.11.26-04.07.23:612][  0]LogEditorServer: Finished looking for orphan Actors (0.000 secs)
[2019.11.26-04.07.23:657][  0]LogUObjectHash: Compacting FUObjectHashTables data took   2.47ms
[2019.11.26-04.07.23:657][  0]Cmd: MAP CHECKDEP NOCLEARLOG
[2019.11.26-04.07.23:657][  0]MapCheck: Map check complete: 0 Error(s), 0 Warning(s), took 0.083ms to complete.
[2019.11.26-04.07.23:657][  0]LogFileHelpers: Loading map 'FirstPersonExampleMap' took 0.295
[2019.11.26-04.07.23:737][  0]LogSlate: Updating window title bar state: overlay mode, drag disabled, window buttons hidden, title bar hidden
[2019.11.26-04.07.23:743][  0]LogSlate: Updating window title bar state: overlay mode, drag disabled, window buttons hidden, title bar hidden
[2019.11.26-04.07.23:750][  0]LogSlate: Updating window title bar state: overlay mode, drag disabled, window buttons hidden, title bar hidden
[2019.11.26-04.07.23:755][  0]LogSlate: Updating window title bar state: overlay mode, drag disabled, window buttons hidden, title bar hidden
[2019.11.26-04.07.23:760][  0]LogCollectionManager: Loaded 0 collections in 0.001258 seconds
[2019.11.26-04.07.23:785][  0]LogFileCache: Scanning file cache for directory 'C:/Users/bdedeurwaerder/Documents/GitHub/CS328-Mirus-Shot/Saved/Collections/' took 0.01s
[2019.11.26-04.07.23:785][  0]LogFileCache: Scanning file cache for directory 'C:/Users/bdedeurwaerder/Documents/GitHub/CS328-Mirus-Shot/Content/Developers/bdedeurwaerder/Collections/' took 0.01s
[2019.11.26-04.07.23:785][  0]LogFileCache: Scanning file cache for directory 'C:/Users/bdedeurwaerder/Documents/GitHub/CS328-Mirus-Shot/Content/Collections/' took 0.00s
[2019.11.26-04.07.23:785][  0]LogCollectionManager: Rebuilt the GUID cache for 0 collections in 0.000000 seconds
[2019.11.26-04.07.23:792][  0]LogContentBrowser: Native class hierarchy populated in 0.0067 seconds. Added 2732 classes and 659 folders.
[2019.11.26-04.07.23:797][  0]LogContentBrowser: Native class hierarchy updated for 'WidgetCarousel' in 0.0002 seconds. Added 0 classes and 0 folders.
[2019.11.26-04.07.23:797][  0]LogPakFile: Registered encryption key '00000000000000000000000000000000': 0 pak files mounted, 0 remain pending
[2019.11.26-04.07.23:798][  0]LogPakFile: Registered encryption key '00000000000000000000000000000000': 0 pak files mounted, 0 remain pending
[2019.11.26-04.07.23:798][  0]LogPakFile: Registered encryption key '00000000000000000000000000000000': 0 pak files mounted, 0 remain pending
[2019.11.26-04.07.23:798][  0]LogPakFile: Registered encryption key '00000000000000000000000000000000': 0 pak files mounted, 0 remain pending
[2019.11.26-04.07.23:799][  0]LogPakFile: Registered encryption key '00000000000000000000000000000000': 0 pak files mounted, 0 remain pending
[2019.11.26-04.07.23:799][  0]LogPakFile: Registered encryption key '00000000000000000000000000000000': 0 pak files mounted, 0 remain pending
[2019.11.26-04.07.23:799][  0]LogPakFile: Registered encryption key '00000000000000000000000000000000': 0 pak files mounted, 0 remain pending
[2019.11.26-04.07.23:800][  0]LogPakFile: Registered encryption key '00000000000000000000000000000000': 0 pak files mounted, 0 remain pending
[2019.11.26-04.07.23:800][  0]LogPakFile: Registered encryption key '00000000000000000000000000000000': 0 pak files mounted, 0 remain pending
[2019.11.26-04.07.23:800][  0]LogPakFile: Registered encryption key '00000000000000000000000000000000': 0 pak files mounted, 0 remain pending
[2019.11.26-04.07.23:800][  0]LogPakFile: Registered encryption key '00000000000000000000000000000000': 0 pak files mounted, 0 remain pending
[2019.11.26-04.07.23:801][  0]LogPakFile: Registered encryption key '00000000000000000000000000000000': 0 pak files mounted, 0 remain pending
[2019.11.26-04.07.23:801][  0]LogPakFile: Registered encryption key '00000000000000000000000000000000': 0 pak files mounted, 0 remain pending
[2019.11.26-04.07.23:801][  0]LogPakFile: Registered encryption key '00000000000000000000000000000000': 0 pak files mounted, 0 remain pending
[2019.11.26-04.07.23:802][  0]LogPakFile: Registered encryption key '00000000000000000000000000000000': 0 pak files mounted, 0 remain pending
[2019.11.26-04.07.23:802][  0]LogPakFile: Registered encryption key '00000000000000000000000000000000': 0 pak files mounted, 0 remain pending
[2019.11.26-04.07.23:802][  0]LogPakFile: Registered encryption key '00000000000000000000000000000000': 0 pak files mounted, 0 remain pending
[2019.11.26-04.07.23:802][  0]LogPakFile: Registered encryption key '00000000000000000000000000000000': 0 pak files mounted, 0 remain pending
[2019.11.26-04.07.23:803][  0]LogPakFile: Registered encryption key '00000000000000000000000000000000': 0 pak files mounted, 0 remain pending
[2019.11.26-04.07.23:803][  0]LogPakFile: Registered encryption key '00000000000000000000000000000000': 0 pak files mounted, 0 remain pending
[2019.11.26-04.07.23:803][  0]LogPakFile: Registered encryption key '00000000000000000000000000000000': 0 pak files mounted, 0 remain pending
[2019.11.26-04.07.23:804][  0]LogPakFile: Registered encryption key '00000000000000000000000000000000': 0 pak files mounted, 0 remain pending
[2019.11.26-04.07.23:804][  0]LogPakFile: Registered encryption key '00000000000000000000000000000000': 0 pak files mounted, 0 remain pending
[2019.11.26-04.07.23:804][  0]LogPakFile: Registered encryption key '00000000000000000000000000000000': 0 pak files mounted, 0 remain pending
[2019.11.26-04.07.23:804][  0]LogPakFile: Registered encryption key '00000000000000000000000000000000': 0 pak files mounted, 0 remain pending
[2019.11.26-04.07.23:805][  0]LogPakFile: Registered encryption key '00000000000000000000000000000000': 0 pak files mounted, 0 remain pending
[2019.11.26-04.07.23:821][  0]LogContentBrowser: Native class hierarchy updated for 'AddContentDialog' in 0.0002 seconds. Added 0 classes and 0 folders.
[2019.11.26-04.07.23:825][  0]LogContentBrowser: Native class hierarchy updated for 'SceneOutliner' in 0.0002 seconds. Added 1 classes and 2 folders.
[2019.11.26-04.07.23:834][  0]LogSlate: Took 0.000107 seconds to synchronously load lazily loaded font '../../../Engine/Content/Slate/Fonts/Roboto-Regular.ttf' (155K)
[2019.11.26-04.07.23:836][  0]LogSlate: Took 0.000145 seconds to synchronously load lazily loaded font '../../../Engine/Content/Slate/Fonts/Roboto-Bold.ttf' (160K)
[2019.11.26-04.07.23:840][  0]LogSlate: Took 0.000090 seconds to synchronously load lazily loaded font '../../../Engine/Content/Editor/Slate/Fonts/FontAwesome.ttf' (139K)
[2019.11.26-04.07.23:893][  0]LogRenderer: Reallocating scene render targets to support 1208x572 Format 10 NumSamples 1 (Frame:1).
[2019.11.26-04.07.24:472][  0]LogContentBrowser: Native class hierarchy updated for 'HierarchicalLODOutliner' in 0.0002 seconds. Added 0 classes and 0 folders.
[2019.11.26-04.07.24:472][  0]LogLoad: (Engine Initialization) Total time: 6.78 seconds
[2019.11.26-04.07.24:472][  0]LogLoad: (Engine Initialization) Total Blueprint compile time: 0.00 seconds
[2019.11.26-04.07.24:482][  0]LogWindowsTextInputMethodSystem: Display: IME system now deactivated.
[2019.11.26-04.07.24:500][  0]LogAssetRegistry: Asset discovery search completed in 4.0974 seconds
[2019.11.26-04.07.24:502][  0]LogCollectionManager: Rebuilt the object cache for 0 collections in 0.000000 seconds (found 0 objects)
[2019.11.26-04.07.24:502][  0]LogCollectionManager: Fixed up redirectors for 0 collections in 0.000032 seconds (updated 0 objects)
[2019.11.26-04.07.24:503][  0]LogContentStreaming: Texture pool size now 1000 MB
[2019.11.26-04.07.24:521][  0]LogSlate: Took 0.000101 seconds to synchronously load lazily loaded font '../../../Engine/Content/Slate/Fonts/Roboto-Light.ttf' (167K)
[2019.11.26-04.07.25:018][  2]LogEditorViewport: Clicking on Actor (LMB): BP_Sky_Sphere_C (SkySphereBlueprint)
[2019.11.26-04.07.25:597][ 14]LogSlate: Took 0.000105 seconds to synchronously load lazily loaded font '../../../Engine/Content/Slate/Fonts/Roboto-Light.ttf' (167K)
[2019.11.26-04.07.26:918][142]LogSlate: FSceneViewport::OnFocusLost() reason 0
[2019.11.26-04.07.26:981][144]LogTemp: Repeating last play command: Selected Viewport
[2019.11.26-04.07.26:995][144]LogBlueprintUserMessages: Early PlayInEditor Detection: Level '/Game/FirstPersonBP/Maps/FirstPersonExampleMap.FirstPersonExampleMap:PersistentLevel' has LevelScriptBlueprint '/Game/FirstPersonBP/Maps/FirstPersonExampleMap.FirstPersonExampleMap:PersistentLevel.FirstPersonExampleMap' with GeneratedClass '/Game/FirstPersonBP/Maps/FirstPersonExampleMap.FirstPersonExampleMap_C' with ClassGeneratedBy '/Game/FirstPersonBP/Maps/FirstPersonExampleMap.FirstPersonExampleMap:PersistentLevel.FirstPersonExampleMap'
[2019.11.26-04.07.26:995][144]LogPlayLevel: PlayLevel: No blueprints needed recompiling
[2019.11.26-04.07.27:002][144]PIE: New page: PIE session: FirstPersonExampleMap (Nov 25, 2019, 12:07:26 PM)
[2019.11.26-04.07.27:014][144]LogPlayLevel: Creating play world package: /Game/FirstPersonBP/Maps/UEDPIE_0_FirstPersonExampleMap
[2019.11.26-04.07.27:027][144]LogPlayLevel: PIE: StaticDuplicateObject took: (0.013641s)
[2019.11.26-04.07.27:028][144]LogAIModule: Creating AISystem for world FirstPersonExampleMap
[2019.11.26-04.07.27:028][144]LogPlayLevel: PIE: World Init took: (0.000468s)
[2019.11.26-04.07.27:028][144]LogPlayLevel: PIE: Created PIE world by copying editor world from /Game/FirstPersonBP/Maps/FirstPersonExampleMap.FirstPersonExampleMap to /Game/FirstPersonBP/Maps/UEDPIE_0_FirstPersonExampleMap.FirstPersonExampleMap (0.014330s)
[2019.11.26-04.07.27:050][144]LogUObjectHash: Compacting FUObjectHashTables data took   1.16ms
[2019.11.26-04.07.27:052][144]LogInit: XAudio2 using 'Speakers (Conexant HD Audio)' : 2 channels at 48 kHz using 32 bits per sample (channel mask 0x3)
[2019.11.26-04.07.27:055][144]LogInit: FAudioDevice initialized.
[2019.11.26-04.07.27:101][144]LogLoad: Game class is 'FirstPersonGameMode_C'
[2019.11.26-04.07.27:103][144]LogWorld: Bringing World /Game/FirstPersonBP/Maps/UEDPIE_0_FirstPersonExampleMap.FirstPersonExampleMap up for play (max tick rate 0) at 2019.11.25-20.07.27
[2019.11.26-04.07.27:104][144]LogWorld: Bringing up level for play took: 0.001526
[2019.11.26-04.07.27:121][144]LogContentBrowser: Native class hierarchy updated for 'MovieSceneCapture' in 0.0002 seconds. Added 20 classes and 0 folders.
[2019.11.26-04.07.27:121][144]PIE: Play in editor start time for /Game/FirstPersonBP/Maps/UEDPIE_0_FirstPersonExampleMap 0.244
[2019.11.26-04.07.27:122][144]LogBlueprintUserMessages: Late PlayInEditor Detection: Level '/Game/FirstPersonBP/Maps/FirstPersonExampleMap.FirstPersonExampleMap:PersistentLevel' has LevelScriptBlueprint '/Game/FirstPersonBP/Maps/FirstPersonExampleMap.FirstPersonExampleMap:PersistentLevel.FirstPersonExampleMap' with GeneratedClass '/Game/FirstPersonBP/Maps/FirstPersonExampleMap.FirstPersonExampleMap_C' with ClassGeneratedBy '/Game/FirstPersonBP/Maps/FirstPersonExampleMap.FirstPersonExampleMap:PersistentLevel.FirstPersonExampleMap'
[2019.11.26-04.07.31:102][309]LogBlueprintUserMessages: Early EndPlayMap Detection: Level '/Game/FirstPersonBP/Maps/FirstPersonExampleMap.FirstPersonExampleMap:PersistentLevel' has LevelScriptBlueprint '/Game/FirstPersonBP/Maps/FirstPersonExampleMap.FirstPersonExampleMap:PersistentLevel.FirstPersonExampleMap' with GeneratedClass '/Game/FirstPersonBP/Maps/FirstPersonExampleMap.FirstPersonExampleMap_C' with ClassGeneratedBy '/Game/FirstPersonBP/Maps/FirstPersonExampleMap.FirstPersonExampleMap:PersistentLevel.FirstPersonExampleMap'
[2019.11.26-04.07.31:102][309]LogSlate: Updating window title bar state: overlay mode, drag disabled, window buttons hidden, title bar hidden
[2019.11.26-04.07.31:154][309]LogPlayLevel: Display: Shutting down PIE online subsystems
[2019.11.26-04.07.31:154][309]LogBlueprintUserMessages: Late EndPlayMap Detection: Level '/Game/FirstPersonBP/Maps/FirstPersonExampleMap.FirstPersonExampleMap:PersistentLevel' has LevelScriptBlueprint '/Game/FirstPersonBP/Maps/FirstPersonExampleMap.FirstPersonExampleMap:PersistentLevel.FirstPersonExampleMap' with GeneratedClass '/Game/FirstPersonBP/Maps/FirstPersonExampleMap.FirstPersonExampleMap_C' with ClassGeneratedBy '/Game/FirstPersonBP/Maps/FirstPersonExampleMap.FirstPersonExampleMap:PersistentLevel.FirstPersonExampleMap'
[2019.11.26-04.07.31:181][309]LogSlate: Updating window title bar state: overlay mode, drag disabled, window buttons hidden, title bar hidden
[2019.11.26-04.07.31:186][309]LogUObjectHash: Compacting FUObjectHashTables data took   2.07ms
[2019.11.26-04.07.31:221][310]LogPlayLevel: Display: Destroying online subsystem :Context_3
[2019.11.26-04.09.17:698][869]LogSlate: FSceneViewport::OnFocusLost() reason 0
[2019.11.26-04.09.22:279][975]LogSlate: Window 'Pick Parent Class' being destroyed
[2019.11.26-04.09.28:536][104]LogAssetEditorManager: Opening Asset editor for Blueprint /Game/FirstPersonBP/Blueprints/Goal.Goal
[2019.11.26-04.09.28:757][104]LogContentBrowser: Native class hierarchy updated for 'BlueprintGraph' in 0.0005 seconds. Added 121 classes and 0 folders.
[2019.11.26-04.09.30:884][136]LogSlate: Took 0.011537 seconds to synchronously load lazily loaded font '../../../Engine/Content/Slate/Fonts/Roboto-BoldCondensed.ttf' (158K)
[2019.11.26-04.09.35:732][290]BlueprintLog: New page: Compile Goal
[2019.11.26-04.09.35:861][290]LogUObjectHash: Compacting FUObjectHashTables data took   2.94ms
[2019.11.26-04.09.36:120][298]Cmd: OBJ SAVEPACKAGE PACKAGE="/Game/FirstPersonBP/Blueprints/Goal" FILE="../../../../../../Users/bdedeurwaerder/Documents/GitHub/CS328-Mirus-Shot/Content/FirstPersonBP/Blueprints/Goal.uasset" SILENT=true
[2019.11.26-04.09.36:130][298]LogSavePackage: Moving '../../../../../../Users/bdedeurwaerder/Documents/GitHub/CS328-Mirus-Shot/Saved/GoalF667E98A4F4D40ED3C8B45980B35C926.tmp' to '../../../../../../Users/bdedeurwaerder/Documents/GitHub/CS328-Mirus-Shot/Content/FirstPersonBP/Blueprints/Goal.uasset'
[2019.11.26-04.12.44:375][313]LogSlate: Prevented a slow task dialog from being summoned while a context menu was open
[2019.11.26-04.13.00:991][861]BlueprintLog: New page: Compile Goal
[2019.11.26-04.13.01:170][861]LogUObjectHash: Compacting FUObjectHashTables data took   2.60ms
[2019.11.26-04.13.01:756][880]Cmd: OBJ SAVEPACKAGE PACKAGE="/Game/FirstPersonBP/Blueprints/Goal" FILE="../../../../../../Users/bdedeurwaerder/Documents/GitHub/CS328-Mirus-Shot/Content/FirstPersonBP/Blueprints/Goal.uasset" SILENT=true
[2019.11.26-04.13.01:776][880]LogSavePackage: Moving '../../../../../../Users/bdedeurwaerder/Documents/GitHub/CS328-Mirus-Shot/Saved/Goal26BE742D441A20B3C4FDACAE7E09ADF2.tmp' to '../../../../../../Users/bdedeurwaerder/Documents/GitHub/CS328-Mirus-Shot/Content/FirstPersonBP/Blueprints/Goal.uasset'
[2019.11.26-04.13.03:838][950]LogSlate: Window 'Goal' being destroyed
[2019.11.26-04.13.03:869][950]LogSlate: Window 'Goal' being destroyed
[2019.11.26-04.13.07:612][ 34]LogAssetEditorManager: Opening Asset editor for Blueprint /Game/FirstPersonBP/Blueprints/Goal.Goal
[2019.11.26-04.13.21:253][343]LogSlate: Took 0.008179 seconds to synchronously load lazily loaded font '../../../Engine/Content/Slate/Fonts/Roboto-Italic.ttf' (157K)
[2019.11.26-04.14.18:783][640]LogSlate: FSceneViewport::OnFocusLost() reason 0
[2019.11.26-04.14.18:872][642]BlueprintLog: New page: Compile Goal
[2019.11.26-04.14.19:026][642]LogUObjectHash: Compacting FUObjectHashTables data took   3.07ms
[2019.11.26-04.14.19:475][650]Cmd: OBJ SAVEPACKAGE PACKAGE="/Game/FirstPersonBP/Blueprints/Goal" FILE="../../../../../../Users/bdedeurwaerder/Documents/GitHub/CS328-Mirus-Shot/Content/FirstPersonBP/Blueprints/Goal.uasset" SILENT=true
[2019.11.26-04.14.19:498][650]LogSavePackage: Moving '../../../../../../Users/bdedeurwaerder/Documents/GitHub/CS328-Mirus-Shot/Saved/Goal315471894022038B6C6FE8A4527FFE89.tmp' to '../../../../../../Users/bdedeurwaerder/Documents/GitHub/CS328-Mirus-Shot/Content/FirstPersonBP/Blueprints/Goal.uasset'
[2019.11.26-04.14.20:924][683]LogSlate: Window 'Goal' being destroyed
[2019.11.26-04.14.20:970][683]LogSlate: Window 'Goal' being destroyed
[2019.11.26-04.14.30:225][958]LogSlate: FSceneViewport::OnFocusLost() reason 0
[2019.11.26-04.14.31:065][980]LogTemp: Repeating last play command: Selected Viewport
[2019.11.26-04.14.31:095][980]LogBlueprintUserMessages: Early PlayInEditor Detection: Level '/Game/FirstPersonBP/Maps/FirstPersonExampleMap.FirstPersonExampleMap:PersistentLevel' has LevelScriptBlueprint '/Game/FirstPersonBP/Maps/FirstPersonExampleMap.FirstPersonExampleMap:PersistentLevel.FirstPersonExampleMap' with GeneratedClass '/Game/FirstPersonBP/Maps/FirstPersonExampleMap.FirstPersonExampleMap_C' with ClassGeneratedBy '/Game/FirstPersonBP/Maps/FirstPersonExampleMap.FirstPersonExampleMap:PersistentLevel.FirstPersonExampleMap'
[2019.11.26-04.14.31:095][980]LogPlayLevel: PlayLevel: No blueprints needed recompiling
[2019.11.26-04.14.31:095][980]PIE: New page: PIE session: FirstPersonExampleMap (Nov 25, 2019, 12:14:31 PM)
[2019.11.26-04.14.31:095][980]LogPlayLevel: Creating play world package: /Game/FirstPersonBP/Maps/UEDPIE_0_FirstPersonExampleMap
[2019.11.26-04.14.31:112][980]LogPlayLevel: PIE: StaticDuplicateObject took: (0.017319s)
[2019.11.26-04.14.31:114][980]LogAIModule: Creating AISystem for world FirstPersonExampleMap
[2019.11.26-04.14.31:114][980]LogPlayLevel: PIE: World Init took: (0.001601s)
[2019.11.26-04.14.31:114][980]LogPlayLevel: PIE: Created PIE world by copying editor world from /Game/FirstPersonBP/Maps/FirstPersonExampleMap.FirstPersonExampleMap to /Game/FirstPersonBP/Maps/UEDPIE_0_FirstPersonExampleMap.FirstPersonExampleMap (0.019174s)
[2019.11.26-04.14.31:144][980]LogUObjectHash: Compacting FUObjectHashTables data took   3.44ms
[2019.11.26-04.14.31:147][980]LogInit: XAudio2 using 'Speakers (Conexant HD Audio)' : 2 channels at 48 kHz using 32 bits per sample (channel mask 0x3)
[2019.11.26-04.14.31:152][980]LogInit: FAudioDevice initialized.
[2019.11.26-04.14.31:179][980]LogLoad: Game class is 'FirstPersonGameMode_C'
[2019.11.26-04.14.31:181][980]LogWorld: Bringing World /Game/FirstPersonBP/Maps/UEDPIE_0_FirstPersonExampleMap.FirstPersonExampleMap up for play (max tick rate 0) at 2019.11.25-20.14.31
[2019.11.26-04.14.31:181][980]LogWorld: Bringing up level for play took: 0.001618
[2019.11.26-04.14.31:193][980]PIE: Play in editor start time for /Game/FirstPersonBP/Maps/UEDPIE_0_FirstPersonExampleMap 0.314
[2019.11.26-04.14.31:193][980]LogBlueprintUserMessages: Late PlayInEditor Detection: Level '/Game/FirstPersonBP/Maps/FirstPersonExampleMap.FirstPersonExampleMap:PersistentLevel' has LevelScriptBlueprint '/Game/FirstPersonBP/Maps/FirstPersonExampleMap.FirstPersonExampleMap:PersistentLevel.FirstPersonExampleMap' with GeneratedClass '/Game/FirstPersonBP/Maps/FirstPersonExampleMap.FirstPersonExampleMap_C' with ClassGeneratedBy '/Game/FirstPersonBP/Maps/FirstPersonExampleMap.FirstPersonExampleMap:PersistentLevel.FirstPersonExampleMap'
[2019.11.26-04.14.36:908][223]LogNet: Browse: /Game/FirstPersonBP/Maps/FirstPersonExampleMap
[2019.11.26-04.14.36:929][223]LogLoad: LoadMap: /Game/FirstPersonBP/Maps/FirstPersonExampleMap
[2019.11.26-04.14.36:960][223]LogUObjectHash: Compacting FUObjectHashTables data took   2.09ms
[2019.11.26-04.14.36:960][223]LogPlayLevel: Creating play world package: /Game/FirstPersonBP/Maps/UEDPIE_0_FirstPersonExampleMap
[2019.11.26-04.14.36:973][223]LogPlayLevel: PIE: StaticDuplicateObject took: (0.012793s)
[2019.11.26-04.14.36:973][223]LogAIModule: Creating AISystem for world FirstPersonExampleMap
[2019.11.26-04.14.36:973][223]LogPlayLevel: PIE: World Init took: (0.000564s)
[2019.11.26-04.14.36:973][223]LogPlayLevel: PIE: Created PIE world by copying editor world from /Game/FirstPersonBP/Maps/FirstPersonExampleMap.FirstPersonExampleMap to /Game/FirstPersonBP/Maps/UEDPIE_0_FirstPersonExampleMap.FirstPersonExampleMap (0.013490s)
[2019.11.26-04.14.36:973][223]LogLoad: Game class is 'FirstPersonGameMode_C'
[2019.11.26-04.14.36:975][223]LogWorld: Bringing World /Game/FirstPersonBP/Maps/UEDPIE_0_FirstPersonExampleMap.FirstPersonExampleMap up for play (max tick rate 0) at 2019.11.25-20.14.36
[2019.11.26-04.14.36:975][223]LogWorld: Bringing up level for play took: 0.001673
[2019.11.26-04.14.36:976][223]LogLoad: Took 0.046843 seconds to LoadMap(/Game/FirstPersonBP/Maps/UEDPIE_0_FirstPersonExampleMap)
[2019.11.26-04.14.38:929][302]LogBlueprintUserMessages: [Goal_2] Throable Hit
[2019.11.26-04.14.41:921][440]LogBlueprintUserMessages: Early EndPlayMap Detection: Level '/Game/FirstPersonBP/Maps/FirstPersonExampleMap.FirstPersonExampleMap:PersistentLevel' has LevelScriptBlueprint '/Game/FirstPersonBP/Maps/FirstPersonExampleMap.FirstPersonExampleMap:PersistentLevel.FirstPersonExampleMap' with GeneratedClass '/Game/FirstPersonBP/Maps/FirstPersonExampleMap.FirstPersonExampleMap_C' with ClassGeneratedBy '/Game/FirstPersonBP/Maps/FirstPersonExampleMap.FirstPersonExampleMap:PersistentLevel.FirstPersonExampleMap'
[2019.11.26-04.14.41:921][440]LogSlate: Updating window title bar state: overlay mode, drag disabled, window buttons hidden, title bar hidden
[2019.11.26-04.14.41:976][440]LogPlayLevel: Display: Shutting down PIE online subsystems
[2019.11.26-04.14.41:977][440]LogBlueprintUserMessages: Late EndPlayMap Detection: Level '/Game/FirstPersonBP/Maps/FirstPersonExampleMap.FirstPersonExampleMap:PersistentLevel' has LevelScriptBlueprint '/Game/FirstPersonBP/Maps/FirstPersonExampleMap.FirstPersonExampleMap:PersistentLevel.FirstPersonExampleMap' with GeneratedClass '/Game/FirstPersonBP/Maps/FirstPersonExampleMap.FirstPersonExampleMap_C' with ClassGeneratedBy '/Game/FirstPersonBP/Maps/FirstPersonExampleMap.FirstPersonExampleMap:PersistentLevel.FirstPersonExampleMap'
[2019.11.26-04.14.42:001][440]LogSlate: Updating window title bar state: overlay mode, drag disabled, window buttons hidden, title bar hidden
[2019.11.26-04.14.42:004][440]LogUObjectHash: Compacting FUObjectHashTables data took   1.73ms
[2019.11.26-04.14.42:021][441]LogPlayLevel: Display: Destroying online subsystem :Context_9
[2019.11.26-04.14.44:814][540]LogSlate: FSceneViewport::OnFocusLost() reason 0
[2019.11.26-04.14.44:950][542]LogUObjectHash: Compacting FUObjectHashTables data took   0.61ms
[2019.11.26-04.14.45:115][542]LogSavePackage: Moving '../../../../../../Users/bdedeurwaerder/Documents/GitHub/CS328-Mirus-Shot/Saved/FirstPersonExampleMap98613716433BA59818A68D8A9658959E.tmp' to '../../../../../../Users/bdedeurwaerder/Documents/GitHub/CS328-Mirus-Shot/Content/FirstPersonBP/Maps/FirstPersonExampleMap.umap'
[2019.11.26-04.14.46:203][542]LogSavePackage: Moving '../../../../../../Users/bdedeurwaerder/Documents/GitHub/CS328-Mirus-Shot/Saved/FirstPersonExampleMap_BuiltDataFEE473084E96CA44F8EBAA9B5AFA731F.tmp' to '../../../../../../Users/bdedeurwaerder/Documents/GitHub/CS328-Mirus-Shot/Content/FirstPersonBP/Maps/FirstPersonExampleMap_BuiltData.uasset'
